<?xml version="1.0" encoding="UTF-8"?>
<!-- Generated by org.testng.reporters.JUnitXMLReporter -->
<testsuite ignored="3" hostname="LAPTOP-26R3O3UK" failures="0" tests="1" name="Default test" time="7.452" errors="0" timestamp="2025-12-05T11:06:53 IST">
  <testcase classname="testCases.FirstTest" name="ValidateSearchCount" time="3.438"/>
  <testcase classname="testCases.FirstTest" name="ValidateSearchNotDisplayed" time="0.0">
    <ignored/>
  </testcase> <!-- ValidateSearchNotDisplayed -->
  <testcase classname="testCases.FirstTest" name="ValidateSearchDisplayed" time="0.0">
    <ignored/>
  </testcase> <!-- ValidateSearchDisplayed -->
  <testcase classname="testCases.FirstTest" name="TC_001" time="0.0">
    <ignored/>
  </testcase> <!-- TC_001 -->
</testsuite> <!-- Default test -->
