<?xml version="1.0" encoding="UTF-8"?>
<testng-results ignored="0" total="2" passed="2" failed="0" skipped="0">
  <reporter-output>
  </reporter-output>
  <suite started-at="2025-11-30T16:33:01 IST" name="Default suite" finished-at="2025-11-30T16:33:15 IST" duration-ms="13884">
    <groups>
    </groups>
    <test started-at="2025-11-30T16:33:01 IST" name="Default test" finished-at="2025-11-30T16:33:15 IST" duration-ms="13884">
      <class name="testCases.FirstTest">
        <test-method is-config="true" signature="globalSetup()[pri:0, instance:testCases.FirstTest@26794848]" started-at="2025-11-30T16:33:01 IST" name="globalSetup" finished-at="2025-11-30T16:33:01 IST" duration-ms="358" status="PASS">
          <reporter-output>
          </reporter-output>
        </test-method> <!-- globalSetup -->
        <test-method is-config="true" signature="setup()[pri:0, instance:testCases.FirstTest@26794848]" started-at="2025-11-30T16:33:01 IST" name="setup" finished-at="2025-11-30T16:33:01 IST" duration-ms="1" status="PASS">
          <reporter-output>
          </reporter-output>
        </test-method> <!-- setup -->
        <test-method is-config="true" signature="methodSetup(org.testng.ITestResult)[pri:0, instance:testCases.FirstTest@26794848]" started-at="2025-11-30T16:33:02 IST" name="methodSetup" finished-at="2025-11-30T16:33:05 IST" duration-ms="2898" status="PASS">
          <params>
            <param index="0">
              <value>
                <![CDATA[[TestResult name={null} status=CREATED method=FirstTest.TC_001(java.lang.String)[pri:0, instance:testCases.FirstTest@26794848] output={null}]]]>
              </value>
            </param>
          </params>
          <reporter-output>
          </reporter-output>
        </test-method> <!-- methodSetup -->
        <test-method signature="TC_001(java.lang.String)[pri:0, instance:testCases.FirstTest@26794848]" started-at="2025-11-30T16:33:05 IST" name="TC_001" data-provider="SearchData" finished-at="2025-11-30T16:33:08 IST" duration-ms="3134" status="PASS">
          <params>
            <param index="0">
              <value>
                <![CDATA[Yash]]>
              </value>
            </param>
          </params>
          <reporter-output>
          </reporter-output>
        </test-method> <!-- TC_001 -->
        <test-method is-config="true" signature="methodTeardown(org.testng.ITestResult)[pri:0, instance:testCases.FirstTest@26794848]" started-at="2025-11-30T16:33:08 IST" name="methodTeardown" finished-at="2025-11-30T16:33:09 IST" duration-ms="390" status="PASS">
          <params>
            <param index="0">
              <value>
                <![CDATA[[TestResult name=TC_001 status=SUCCESS method=FirstTest.TC_001(java.lang.String)[pri:0, instance:testCases.FirstTest@26794848] output={null}]]]>
              </value>
            </param>
          </params>
          <reporter-output>
          </reporter-output>
        </test-method> <!-- methodTeardown -->
        <test-method is-config="true" signature="methodSetup(org.testng.ITestResult)[pri:0, instance:testCases.FirstTest@26794848]" started-at="2025-11-30T16:33:09 IST" name="methodSetup" finished-at="2025-11-30T16:33:12 IST" duration-ms="2893" status="PASS">
          <params>
            <param index="0">
              <value>
                <![CDATA[[TestResult name={null} status=CREATED method=FirstTest.TC_001(java.lang.String)[pri:0, instance:testCases.FirstTest@26794848] output={null}]]]>
              </value>
            </param>
          </params>
          <reporter-output>
          </reporter-output>
        </test-method> <!-- methodSetup -->
        <test-method signature="TC_001(java.lang.String)[pri:0, instance:testCases.FirstTest@26794848]" started-at="2025-11-30T16:33:12 IST" name="TC_001" data-provider="SearchData" finished-at="2025-11-30T16:33:15 IST" duration-ms="3145" status="PASS">
          <params>
            <param index="0">
              <value>
                <![CDATA[Selenium]]>
              </value>
            </param>
          </params>
          <reporter-output>
          </reporter-output>
        </test-method> <!-- TC_001 -->
        <test-method is-config="true" signature="methodTeardown(org.testng.ITestResult)[pri:0, instance:testCases.FirstTest@26794848]" started-at="2025-11-30T16:33:15 IST" name="methodTeardown" finished-at="2025-11-30T16:33:15 IST" duration-ms="392" status="PASS">
          <params>
            <param index="0">
              <value>
                <![CDATA[[TestResult name=TC_001 status=SUCCESS method=FirstTest.TC_001(java.lang.String)[pri:0, instance:testCases.FirstTest@26794848] output={null}]]]>
              </value>
            </param>
          </params>
          <reporter-output>
          </reporter-output>
        </test-method> <!-- methodTeardown -->
        <test-method is-config="true" signature="tearDown()[pri:0, instance:testCases.FirstTest@26794848]" started-at="2025-11-30T16:33:15 IST" name="tearDown" finished-at="2025-11-30T16:33:15 IST" duration-ms="1" status="PASS">
          <reporter-output>
          </reporter-output>
        </test-method> <!-- tearDown -->
        <test-method is-config="true" signature="globalTeardown()[pri:0, instance:testCases.FirstTest@26794848]" started-at="2025-11-30T16:33:15 IST" name="globalTeardown" finished-at="2025-11-30T16:33:16 IST" duration-ms="485" status="PASS">
          <reporter-output>
          </reporter-output>
        </test-method> <!-- globalTeardown -->
      </class> <!-- testCases.FirstTest -->
    </test> <!-- Default test -->
  </suite> <!-- Default suite -->
</testng-results>
