<?xml version="1.0" encoding="UTF-8"?>
<testng-results ignored="0" total="1" passed="1" failed="0" skipped="0">
  <reporter-output>
  </reporter-output>
  <suite started-at="2025-10-24T21:19:56 IST" name="Default suite" finished-at="2025-10-24T21:20:00 IST" duration-ms="3800">
    <groups>
    </groups>
    <test started-at="2025-10-24T21:19:56 IST" name="Default test" finished-at="2025-10-24T21:20:00 IST" duration-ms="3800">
      <class name="testCases.FirstTest">
        <test-method is-config="true" signature="setup()[pri:0, instance:testCases.FirstTest@3023df74]" started-at="2025-10-24T21:19:56 IST" name="setup" finished-at="2025-10-24T21:20:00 IST" duration-ms="3484" status="PASS">
          <reporter-output>
          </reporter-output>
        </test-method> <!-- setup -->
        <test-method signature="TC_001()[pri:0, instance:testCases.FirstTest@3023df74]" started-at="2025-10-24T21:20:00 IST" name="TC_001" finished-at="2025-10-24T21:20:00 IST" duration-ms="18" status="PASS">
          <reporter-output>
          </reporter-output>
        </test-method> <!-- TC_001 -->
        <test-method is-config="true" signature="tearDown()[pri:0, instance:testCases.FirstTest@3023df74]" started-at="2025-10-24T21:20:00 IST" name="tearDown" finished-at="2025-10-24T21:20:00 IST" duration-ms="233" status="PASS">
          <reporter-output>
          </reporter-output>
        </test-method> <!-- tearDown -->
      </class> <!-- testCases.FirstTest -->
    </test> <!-- Default test -->
  </suite> <!-- Default suite -->
</testng-results>
